<?xml version="1.0" encoding="UTF-8"?>
<!-- Generated by org.testng.reporters.JUnitReportReporter -->
<testsuite skipped="0" hostname="KT-PC-120" name="testing.AppiumTest" tests="2" failures="0" timestamp="2019-09-30T18:54:17 IST" time="0.015" errors="0">
  <testcase name="browse" time="0.014" classname="testing.AppiumTest"/>
  <testcase name="elementUI" time="0.001" classname="testing.AppiumTest"/>
</testsuite> <!-- testing.AppiumTest -->
